Manifest를 추가함
추가하는 중: app/(입력 = 0) (출력 = 0)(0%를 저장함)
추가하는 중: app/animation/(입력 = 0) (출력 = 0)(0%를 저장함)
추가하는 중: app/animation/AnimationGame.class(입력 = 7411) (출력 = 3045)(58%를 감소함)
추가하는 중: app/animation/AnimationMenu.class(입력 = 5224) (출력 = 2486)(52%를 감소함)
추가하는 중: app/App.class(입력 = 1674) (출력 = 941)(43%를 감소함)
추가하는 중: app/Generator.class(입력 = 346) (출력 = 247)(28%를 감소함)
추가하는 중: app/style/(입력 = 0) (출력 = 0)(0%를 저장함)
추가하는 중: app/style/StyleGame.class(입력 = 2041) (출력 = 803)(60%를 감소함)
추가하는 중: app/style/StyleMenu.class(입력 = 1333) (출력 = 648)(51%를 감소함)
추가하는 중: app/ui/(입력 = 0) (출력 = 0)(0%를 저장함)
추가하는 중: app/ui/MainMenu.class(입력 = 4853) (출력 = 2292)(52%를 감소함)
추가하는 중: app/ui/SinglePlayGame.class(입력 = 9290) (출력 = 4655)(49%를 감소함)
추가하는 중: avatar/(입력 = 0) (출력 = 0)(0%를 저장함)
추가하는 중: avatar/User-01.png(입력 = 32081) (출력 = 32091)(0%를 감소함)
추가하는 중: avatar/User-02.png(입력 = 30198) (출력 = 29938)(0%를 감소함)
추가하는 중: avatar/User-03.png(입력 = 27652) (출력 = 27662)(0%를 감소함)
추가하는 중: avatar/User-04.png(입력 = 32008) (출력 = 32018)(0%를 감소함)
추가하는 중: avatar/User-05.png(입력 = 30144) (출력 = 30154)(0%를 감소함)
추가하는 중: avatar/User-06.png(입력 = 35913) (출력 = 35653)(0%를 감소함)
추가하는 중: avatar/User-07.png(입력 = 36147) (출력 = 35903)(0%를 감소함)
추가하는 중: button/(입력 = 0) (출력 = 0)(0%를 저장함)
추가하는 중: button/back.png(입력 = 615) (출력 = 585)(4%를 감소함)
추가하는 중: button/settings.png(입력 = 1854) (출력 = 1859)(0%를 감소함)
추가하는 중: button/volume-off.png(입력 = 650) (출력 = 624)(4%를 감소함)
추가하는 중: button/volume-on.png(입력 = 1179) (출력 = 1184)(0%를 감소함)
추가하는 중: card/(입력 = 0) (출력 = 0)(0%를 저장함)
추가하는 중: card/Card-0.png(입력 = 97748) (출력 = 97703)(0%를 감소함)
추가하는 중: card/Card-1.png(입력 = 45669) (출력 = 45207)(1%를 감소함)
추가하는 중: card/Card-10.png(입력 = 47106) (출력 = 46845)(0%를 감소함)
추가하는 중: card/Card-11.png(입력 = 45528) (출력 = 45040)(1%를 감소함)
추가하는 중: card/Card-12.png(입력 = 45985) (출력 = 45578)(0%를 감소함)
추가하는 중: card/Card-13.png(입력 = 45243) (출력 = 44704)(1%를 감소함)
추가하는 중: card/Card-14.png(입력 = 46459) (출력 = 46182)(0%를 감소함)
추가하는 중: card/Card-15.png(입력 = 44818) (출력 = 44235)(1%를 감소함)
추가하는 중: card/Card-16.png(입력 = 45349) (출력 = 44927)(0%를 감소함)
추가하는 중: card/Card-17.png(입력 = 45705) (출력 = 45350)(0%를 감소함)
추가하는 중: card/Card-18.png(입력 = 46938) (출력 = 46687)(0%를 감소함)
추가하는 중: card/Card-19.png(입력 = 45366) (출력 = 44921)(0%를 감소함)
추가하는 중: card/Card-2.png(입력 = 45541) (출력 = 45188)(0%를 감소함)
추가하는 중: card/Card-20.png(입력 = 45829) (출력 = 45497)(0%를 감소함)
추가하는 중: card/Card-21.png(입력 = 45860) (출력 = 45486)(0%를 감소함)
추가하는 중: card/Card-22.png(입력 = 47043) (출력 = 46795)(0%를 감소함)
추가하는 중: card/Card-23.png(입력 = 45454) (출력 = 45044)(0%를 감소함)
추가하는 중: card/Card-24.png(입력 = 45956) (출력 = 45553)(0%를 감소함)
추가하는 중: card/Card-25.png(입력 = 45288) (출력 = 44657)(1%를 감소함)
추가하는 중: card/Card-26.png(입력 = 46558) (출력 = 46300)(0%를 감소함)
추가하는 중: card/Card-27.png(입력 = 44892) (출력 = 44294)(1%를 감소함)
추가하는 중: card/Card-28.png(입력 = 45386) (출력 = 44879)(1%를 감소함)
추가하는 중: card/Card-29.png(입력 = 45868) (출력 = 45393)(1%를 감소함)
추가하는 중: card/Card-3.png(입력 = 45259) (출력 = 44775)(1%를 감소함)
추가하는 중: card/Card-30.png(입력 = 47212) (출력 = 46981)(0%를 감소함)
추가하는 중: card/Card-31.png(입력 = 45580) (출력 = 45159)(0%를 감소함)
추가하는 중: card/Card-32.png(입력 = 45993) (출력 = 45527)(1%를 감소함)
추가하는 중: card/Card-33.png(입력 = 45857) (출력 = 45463)(0%를 감소함)
추가하는 중: card/Card-34.png(입력 = 47102) (출력 = 46834)(0%를 감소함)
추가하는 중: card/Card-35.png(입력 = 45535) (출력 = 44970)(1%를 감소함)
추가하는 중: card/Card-36.png(입력 = 45990) (출력 = 45614)(0%를 감소함)
추가하는 중: card/Card-37.png(입력 = 45819) (출력 = 45403)(0%를 감소함)
추가하는 중: card/Card-38.png(입력 = 47108) (출력 = 46885)(0%를 감소함)
추가하는 중: card/Card-39.png(입력 = 45444) (출력 = 45074)(0%를 감소함)
추가하는 중: card/Card-4.png(입력 = 45774) (출력 = 45377)(0%를 감소함)
추가하는 중: card/Card-40.png(입력 = 45984) (출력 = 45586)(0%를 감소함)
추가하는 중: card/Card-41.png(입력 = 45252) (출력 = 44793)(1%를 감소함)
추가하는 중: card/Card-42.png(입력 = 46535) (출력 = 46211)(0%를 감소함)
추가하는 중: card/Card-43.png(입력 = 44850) (출력 = 44315)(1%를 감소함)
추가하는 중: card/Card-44.png(입력 = 45345) (출력 = 44870)(1%를 감소함)
추가하는 중: card/Card-45.png(입력 = 46020) (출력 = 45547)(1%를 감소함)
추가하는 중: card/Card-46.png(입력 = 47234) (출력 = 46993)(0%를 감소함)
추가하는 중: card/Card-47.png(입력 = 45636) (출력 = 45254)(0%를 감소함)
추가하는 중: card/Card-48.png(입력 = 46128) (출력 = 45764)(0%를 감소함)
추가하는 중: card/Card-49.png(입력 = 45541) (출력 = 45060)(1%를 감소함)
추가하는 중: card/Card-5.png(입력 = 45603) (출력 = 45103)(1%를 감소함)
추가하는 중: card/Card-50.png(입력 = 46752) (출력 = 46468)(0%를 감소함)
추가하는 중: card/Card-51.png(입력 = 45159) (출력 = 44560)(1%를 감소함)
추가하는 중: card/Card-52.png(입력 = 45639) (출력 = 44987)(1%를 감소함)
추가하는 중: card/Card-6.png(입력 = 46656) (출력 = 46400)(0%를 감소함)
추가하는 중: card/Card-7.png(입력 = 45237) (출력 = 44783)(1%를 감소함)
추가하는 중: card/Card-8.png(입력 = 45719) (출력 = 45299)(0%를 감소함)
추가하는 중: card/Card-9.png(입력 = 45860) (출력 = 45435)(0%를 감소함)
추가하는 중: card/Card-Deck.png(입력 = 170624) (출력 = 170513)(0%를 감소함)
추가하는 중: card/Card-Empty.png(입력 = 43685) (출력 = 42797)(2%를 감소함)
추가하는 중: font/(입력 = 0) (출력 = 0)(0%를 저장함)
추가하는 중: font/LilitaOne-Regular.ttf(입력 = 26828) (출력 = 14552)(45%를 감소함)
추가하는 중: icon/(입력 = 0) (출력 = 0)(0%를 저장함)
추가하는 중: icon/icon.png(입력 = 39175) (출력 = 38329)(2%를 감소함)
META-INF/ 항목을 무시하는 중
META-INF/MANIFEST.MF 항목을 무시하는 중
